<?xml version="1.0" encoding="UTF-8"?>
<testng-results ignored="0" total="4" passed="4" failed="0" skipped="0">
  <reporter-output>
  </reporter-output>
  <suite started-at="2024-03-11T14:50:38 EDT" name="Default suite" finished-at="2024-03-11T14:50:42 EDT" duration-ms="3311">
    <groups>
    </groups>
    <test started-at="2024-03-11T14:50:38 EDT" name="Default test" finished-at="2024-03-11T14:50:42 EDT" duration-ms="3311">
      <class name="api.test.usertests">
        <test-method is-config="true" signature="Setupdate()[pri:0, instance:api.test.usertests@2a7f1f10]" started-at="2024-03-11T14:50:38 EDT" name="Setupdate" finished-at="2024-03-11T14:50:38 EDT" duration-ms="209" status="PASS">
          <reporter-output>
          </reporter-output>
        </test-method> <!-- Setupdate -->
        <test-method signature="testpostuser()[pri:1, instance:api.test.usertests@2a7f1f10]" started-at="2024-03-11T14:50:38 EDT" name="testpostuser" finished-at="2024-03-11T14:50:41 EDT" duration-ms="2204" status="PASS">
          <reporter-output>
          </reporter-output>
        </test-method> <!-- testpostuser -->
        <test-method signature="testgetuserbyname()[pri:2, instance:api.test.usertests@2a7f1f10]" started-at="2024-03-11T14:50:41 EDT" name="testgetuserbyname" finished-at="2024-03-11T14:50:41 EDT" duration-ms="205" status="PASS">
          <reporter-output>
          </reporter-output>
        </test-method> <!-- testgetuserbyname -->
        <test-method signature="testupdateuserbyname()[pri:2, instance:api.test.usertests@2a7f1f10]" started-at="2024-03-11T14:50:41 EDT" name="testupdateuserbyname" finished-at="2024-03-11T14:50:41 EDT" duration-ms="416" status="PASS">
          <reporter-output>
          </reporter-output>
        </test-method> <!-- testupdateuserbyname -->
        <test-method signature="testdeleteuserbyname()[pri:4, instance:api.test.usertests@2a7f1f10]" started-at="2024-03-11T14:50:41 EDT" name="testdeleteuserbyname" finished-at="2024-03-11T14:50:42 EDT" duration-ms="210" status="PASS">
          <reporter-output>
          </reporter-output>
        </test-method> <!-- testdeleteuserbyname -->
      </class> <!-- api.test.usertests -->
    </test> <!-- Default test -->
  </suite> <!-- Default suite -->
</testng-results>
