<?xml version="1.0" encoding="UTF-8"?>
<!-- Generated by org.testng.reporters.JUnitXMLReporter -->
<testsuite ignored="0" hostname="HP" failures="0" tests="4" name="Default test" time="3.311" errors="0" timestamp="2024-03-11T14:50:42 EDT">
  <testcase classname="api.test.usertests" name="testpostuser" time="2.204"/>
  <testcase classname="api.test.usertests" name="testgetuserbyname" time="0.205"/>
  <testcase classname="api.test.usertests" name="testupdateuserbyname" time="0.416"/>
  <testcase classname="api.test.usertests" name="testdeleteuserbyname" time="0.21"/>
</testsuite> <!-- Default test -->
