<?xml version="1.0" encoding="UTF-8"?>
<!-- Generated by org.testng.reporters.JUnitXMLReporter -->
<testsuite ignored="0" hostname="HP" failures="0" tests="4" name="Test" time="3.261" errors="0" timestamp="2024-03-13T12:51:18 EDT">
  <testcase classname="api.test.usertests" name="testpostuser" time="2.186"/>
  <testcase classname="api.test.usertests" name="testgetuserbyname" time="0.206"/>
  <testcase classname="api.test.usertests" name="testupdateuserbyname" time="0.422"/>
  <testcase classname="api.test.usertests" name="testdeleteuserbyname" time="0.188"/>
</testsuite> <!-- Test -->
